<?xml version="1.0" encoding="UTF-8"?>
<!-- Generated by org.testng.reporters.JUnitReportReporter -->
<testsuite hostname="morticia" failures="0" tests="1" name="net.magneticpotato.sqlexpr.congocc.parser.ASTParserTest" time="0.073" errors="0" timestamp="2025-05-05T20:19:35 CDT" skipped="0">
  <testcase classname="net.magneticpotato.sqlexpr.congocc.parser.ASTParserTest" name="testASTParseValid" time="0.073"/>
</testsuite> <!-- net.magneticpotato.sqlexpr.congocc.parser.ASTParserTest -->
