<?xml version="1.0" encoding="UTF-8"?>
<!-- Generated by org.testng.reporters.JUnitReportReporter -->
<testsuite hostname="morticia" failures="0" tests="1" name="net.magneticpotato.sqlexpr.congocc.SqlExprEvaluatorTest" time="0.061" errors="0" timestamp="2025-05-05T18:02:19 CDT" skipped="0">
  <testcase classname="net.magneticpotato.sqlexpr.congocc.SqlExprEvaluatorTest" name="evalTest1" time="0.061"/>
</testsuite> <!-- net.magneticpotato.sqlexpr.congocc.SqlExprEvaluatorTest -->
