<?xml version="1.0" encoding="UTF-8"?>
<!-- Generated by org.testng.reporters.JUnitReportReporter -->
<testsuite hostname="morticia" failures="0" tests="2" name="net.magneticpotato.sqlexpr.congocc.parser.ParserTest" time="0.046" errors="0" timestamp="2025-05-05T20:19:40 CDT" skipped="0">
  <testcase classname="net.magneticpotato.sqlexpr.congocc.parser.ParserTest" name="badFilters" time="0.037"/>
  <testcase classname="net.magneticpotato.sqlexpr.congocc.parser.ParserTest" name="goodFilters" time="0.009"/>
</testsuite> <!-- net.magneticpotato.sqlexpr.congocc.parser.ParserTest -->
